#! /usr/bin/vvp
:ivl_version "12.0 (stable)";
:ivl_delay_selection "TYPICAL";
:vpi_time_precision + 0;
:vpi_module "/usr/lib/x86_64-linux-gnu/ivl/system.vpi";
:vpi_module "/usr/lib/x86_64-linux-gnu/ivl/vhdl_sys.vpi";
:vpi_module "/usr/lib/x86_64-linux-gnu/ivl/vhdl_textio.vpi";
:vpi_module "/usr/lib/x86_64-linux-gnu/ivl/v2005_math.vpi";
:vpi_module "/usr/lib/x86_64-linux-gnu/ivl/va_math.vpi";
S_0x5a297c94f960 .scope module, "tb_not_gate" "tb_not_gate" 2 1;
 .timescale 0 0;
v0x5a297c9746a0_0 .var "in", 0 0;
RS_0x7b6b276f7078 .resolv tri, L_0x5a297c974840, L_0x5a297c974950;
v0x5a297c974770_0 .net8 "out", 0 0, RS_0x7b6b276f7078;  2 drivers, strength-aware
S_0x5a297c9635f0 .scope module, "dut" "not_gate" 2 4, 3 1 0, S_0x5a297c94f960;
 .timescale 0 0;
    .port_info 0 /INPUT 1 "in";
    .port_info 1 /OUTPUT 1 "out";
o0x7b6b276f70a8 .functor BUFZ 1, C4<z>; HiZ drive
L_0x5a297c974840 .functor PMOS 1, o0x7b6b276f70a8, v0x5a297c9746a0_0, C4<0>, C4<0>;
o0x7b6b276f7018 .functor BUFZ 1, C4<z>; HiZ drive
L_0x5a297c974950 .functor NMOS 1, o0x7b6b276f7018, v0x5a297c9746a0_0, C4<0>, C4<0>;
v0x5a297c9637d0_0 .net "gnd", 0 0, o0x7b6b276f7018;  0 drivers
v0x5a297c974420_0 .net "in", 0 0, v0x5a297c9746a0_0;  1 drivers
v0x5a297c9744e0_0 .net8 "out", 0 0, RS_0x7b6b276f7078;  alias, 2 drivers, strength-aware
v0x5a297c974580_0 .net "vdd", 0 0, o0x7b6b276f70a8;  0 drivers
    .scope S_0x5a297c94f960;
T_0 ;
    %vpi_call 2 6 "$dumpfile", "not_gate.vcd" {0 0 0};
    %vpi_call 2 7 "$dumpvars", 32'sb00000000000000000000000000000000, S_0x5a297c94f960 {0 0 0};
    %vpi_call 2 8 "$monitor", "Time=%0t | in=%b | out=%b", $time, v0x5a297c9746a0_0, v0x5a297c974770_0 {0 0 0};
    %delay 10, 0;
    %pushi/vec4 0, 0, 1;
    %store/vec4 v0x5a297c9746a0_0, 0, 1;
    %delay 10, 0;
    %pushi/vec4 1, 0, 1;
    %store/vec4 v0x5a297c9746a0_0, 0, 1;
    %vpi_call 2 11 "$finish" {0 0 0};
    %end;
    .thread T_0;
# The file index is used to find the file name in the following table.
:file_names 4;
    "N/A";
    "<interactive>";
    "tb_not_gate.v";
    "not_gate.v";
