#! /usr/bin/vvp
:ivl_version "12.0 (stable)";
:ivl_delay_selection "TYPICAL";
:vpi_time_precision + 0;
:vpi_module "/usr/lib/x86_64-linux-gnu/ivl/system.vpi";
:vpi_module "/usr/lib/x86_64-linux-gnu/ivl/vhdl_sys.vpi";
:vpi_module "/usr/lib/x86_64-linux-gnu/ivl/vhdl_textio.vpi";
:vpi_module "/usr/lib/x86_64-linux-gnu/ivl/v2005_math.vpi";
:vpi_module "/usr/lib/x86_64-linux-gnu/ivl/va_math.vpi";
S_0x56c718d742c0 .scope module, "tb_nand_gate" "tb_nand_gate" 2 1;
 .timescale 0 0;
v0x56c718d86b60_0 .var "a", 0 0;
v0x56c718d86c30_0 .var "b", 0 0;
v0x56c718d86d00_0 .net "y", 0 0, L_0x56c718d86e00;  1 drivers
S_0x56c718d74450 .scope module, "dut" "nand_gate" 2 5, 3 1 0, S_0x56c718d742c0;
 .timescale 0 0;
    .port_info 0 /INPUT 1 "a";
    .port_info 1 /INPUT 1 "b";
    .port_info 2 /OUTPUT 1 "y";
L_0x56c718d86e00 .functor NAND 1, v0x56c718d86b60_0, v0x56c718d86c30_0, C4<1>, C4<1>;
v0x56c718d74680_0 .net "a", 0 0, v0x56c718d86b60_0;  1 drivers
v0x56c718d86980_0 .net "b", 0 0, v0x56c718d86c30_0;  1 drivers
v0x56c718d86a40_0 .net "y", 0 0, L_0x56c718d86e00;  alias, 1 drivers
    .scope S_0x56c718d742c0;
T_0 ;
    %vpi_call 2 8 "$dumpfile", "nand_gate.vcd" {0 0 0};
    %vpi_call 2 9 "$dumpvars", 32'sb00000000000000000000000000000000, S_0x56c718d742c0 {0 0 0};
    %vpi_call 2 10 "$monitor", "Time=%0t | a=%b | b=%b | y=%b", $time, v0x56c718d86b60_0, v0x56c718d86c30_0, v0x56c718d86d00_0 {0 0 0};
    %pushi/vec4 0, 0, 1;
    %store/vec4 v0x56c718d86b60_0, 0, 1;
    %pushi/vec4 0, 0, 1;
    %store/vec4 v0x56c718d86c30_0, 0, 1;
    %delay 5, 0;
    %pushi/vec4 0, 0, 1;
    %store/vec4 v0x56c718d86b60_0, 0, 1;
    %pushi/vec4 1, 0, 1;
    %store/vec4 v0x56c718d86c30_0, 0, 1;
    %delay 5, 0;
    %pushi/vec4 1, 0, 1;
    %store/vec4 v0x56c718d86b60_0, 0, 1;
    %pushi/vec4 0, 0, 1;
    %store/vec4 v0x56c718d86c30_0, 0, 1;
    %delay 5, 0;
    %pushi/vec4 1, 0, 1;
    %store/vec4 v0x56c718d86b60_0, 0, 1;
    %pushi/vec4 1, 0, 1;
    %store/vec4 v0x56c718d86c30_0, 0, 1;
    %delay 5, 0;
    %vpi_call 2 17 "$finish" {0 0 0};
    %end;
    .thread T_0;
# The file index is used to find the file name in the following table.
:file_names 4;
    "N/A";
    "<interactive>";
    "tb_nand_gate.v";
    "nand_gate.v";
