#! /usr/bin/vvp
:ivl_version "12.0 (stable)";
:ivl_delay_selection "TYPICAL";
:vpi_time_precision + 0;
:vpi_module "/usr/lib/x86_64-linux-gnu/ivl/system.vpi";
:vpi_module "/usr/lib/x86_64-linux-gnu/ivl/vhdl_sys.vpi";
:vpi_module "/usr/lib/x86_64-linux-gnu/ivl/vhdl_textio.vpi";
:vpi_module "/usr/lib/x86_64-linux-gnu/ivl/v2005_math.vpi";
:vpi_module "/usr/lib/x86_64-linux-gnu/ivl/va_math.vpi";
S_0x5ad70abcc1d0 .scope module, "tb_nand_gate" "tb_nand_gate" 2 1;
 .timescale 0 0;
v0x5ad70abdf580_0 .var "a", 0 0;
v0x5ad70abdf620_0 .var "b", 0 0;
RS_0x79205afcf108 .resolv tri, L_0x5ad70abdf930, L_0x5ad70abdfa90, L_0x5ad70abdfb80;
v0x5ad70abdf6f0_0 .net8 "y", 0 0, RS_0x79205afcf108;  3 drivers, strength-aware
S_0x5ad70abcc360 .scope module, "dut" "nand_gate" 2 4, 3 1 0, S_0x5ad70abcc1d0;
 .timescale 0 0;
    .port_info 0 /OUTPUT 1 "y";
    .port_info 1 /INPUT 1 "a";
    .port_info 2 /INPUT 1 "b";
L_0x5ad70abdf890 .functor BUFT 1, C8<771>, C4<0>, C4<0>, C4<0>;
L_0x5ad70abdf930 .functor PMOS 1, L_0x5ad70abdf890, v0x5ad70abdf580_0, C4<0>, C4<0>;
L_0x5ad70abdfa90 .functor PMOS 1, L_0x5ad70abdf890, v0x5ad70abdf620_0, C4<0>, C4<0>;
L_0x5ad70abdfb80 .functor NMOS 1, L_0x5ad70abdfbf0, v0x5ad70abdf580_0, C4<0>, C4<0>;
L_0x5ad70abdf7f0 .functor BUFT 1, C8<770>, C4<0>, C4<0>, C4<0>;
L_0x5ad70abdfbf0 .functor NMOS 1, L_0x5ad70abdf7f0, v0x5ad70abdf620_0, C4<0>, C4<0>;
v0x5ad70abcc590_0 .net "a", 0 0, v0x5ad70abdf580_0;  1 drivers
v0x5ad70abdf110_0 .net "b", 0 0, v0x5ad70abdf620_0;  1 drivers
v0x5ad70abdf1d0_0 .net8 "gnd", 0 0, L_0x5ad70abdf7f0;  1 drivers, strength-aware
v0x5ad70abdf270_0 .net8 "vdd", 0 0, L_0x5ad70abdf890;  1 drivers, strength-aware
v0x5ad70abdf330_0 .net8 "w", 0 0, L_0x5ad70abdfbf0;  1 drivers, strength-aware
v0x5ad70abdf440_0 .net8 "y", 0 0, RS_0x79205afcf108;  alias, 3 drivers, strength-aware
    .scope S_0x5ad70abcc1d0;
T_0 ;
    %vpi_call 2 6 "$dumpfile", "nand_gate.vcd" {0 0 0};
    %vpi_call 2 7 "$dumpvars", 32'sb00000000000000000000000000000000, S_0x5ad70abcc1d0 {0 0 0};
    %vpi_call 2 8 "$monitor", "Time=%0t | a=%b | b=%b | y=%b", $time, v0x5ad70abdf580_0, v0x5ad70abdf620_0, v0x5ad70abdf6f0_0 {0 0 0};
    %pushi/vec4 0, 0, 1;
    %store/vec4 v0x5ad70abdf580_0, 0, 1;
    %pushi/vec4 0, 0, 1;
    %store/vec4 v0x5ad70abdf620_0, 0, 1;
    %delay 5, 0;
    %pushi/vec4 0, 0, 1;
    %store/vec4 v0x5ad70abdf580_0, 0, 1;
    %pushi/vec4 1, 0, 1;
    %store/vec4 v0x5ad70abdf620_0, 0, 1;
    %delay 5, 0;
    %pushi/vec4 1, 0, 1;
    %store/vec4 v0x5ad70abdf580_0, 0, 1;
    %pushi/vec4 0, 0, 1;
    %store/vec4 v0x5ad70abdf620_0, 0, 1;
    %delay 5, 0;
    %pushi/vec4 1, 0, 1;
    %store/vec4 v0x5ad70abdf580_0, 0, 1;
    %pushi/vec4 1, 0, 1;
    %store/vec4 v0x5ad70abdf620_0, 0, 1;
    %delay 5, 0;
    %vpi_call 2 13 "$finish" {0 0 0};
    %end;
    .thread T_0;
# The file index is used to find the file name in the following table.
:file_names 4;
    "N/A";
    "<interactive>";
    "tb_nand_gate.v";
    "nand_gate.v";
