#! /usr/bin/vvp
:ivl_version "12.0 (stable)";
:ivl_delay_selection "TYPICAL";
:vpi_time_precision + 0;
:vpi_module "/usr/lib/x86_64-linux-gnu/ivl/system.vpi";
:vpi_module "/usr/lib/x86_64-linux-gnu/ivl/vhdl_sys.vpi";
:vpi_module "/usr/lib/x86_64-linux-gnu/ivl/vhdl_textio.vpi";
:vpi_module "/usr/lib/x86_64-linux-gnu/ivl/v2005_math.vpi";
:vpi_module "/usr/lib/x86_64-linux-gnu/ivl/va_math.vpi";
S_0x5fefb8800490 .scope module, "tb_xnor_gates" "tb_xnor_gates" 2 1;
 .timescale 0 0;
v0x5fefb884bb60_0 .var "a", 0 0;
v0x5fefb884bc30_0 .var "b", 0 0;
v0x5fefb884bd00_0 .net "y", 0 0, L_0x5fefb884be00;  1 drivers
S_0x5fefb8800620 .scope module, "dut" "xnor_gate" 2 5, 3 1 0, S_0x5fefb8800490;
 .timescale 0 0;
    .port_info 0 /INPUT 1 "a";
    .port_info 1 /INPUT 1 "b";
    .port_info 2 /OUTPUT 1 "y";
L_0x5fefb884be00 .functor XNOR 1, v0x5fefb884bb60_0, v0x5fefb884bc30_0, C4<0>, C4<0>;
v0x5fefb8800850_0 .net "a", 0 0, v0x5fefb884bb60_0;  1 drivers
v0x5fefb884b980_0 .net "b", 0 0, v0x5fefb884bc30_0;  1 drivers
v0x5fefb884ba40_0 .net "y", 0 0, L_0x5fefb884be00;  alias, 1 drivers
    .scope S_0x5fefb8800490;
T_0 ;
    %vpi_call 2 7 "$dumpfile", "xnor_gate.vcd" {0 0 0};
    %vpi_call 2 8 "$dumpvars", 32'sb00000000000000000000000000000000, S_0x5fefb8800490 {0 0 0};
    %vpi_call 2 9 "$monitor", "Time=%0t | a=%b | b=%b | y=%b", $time, v0x5fefb884bb60_0, v0x5fefb884bc30_0, v0x5fefb884bd00_0 {0 0 0};
    %pushi/vec4 0, 0, 1;
    %store/vec4 v0x5fefb884bb60_0, 0, 1;
    %pushi/vec4 0, 0, 1;
    %store/vec4 v0x5fefb884bc30_0, 0, 1;
    %delay 5, 0;
    %pushi/vec4 0, 0, 1;
    %store/vec4 v0x5fefb884bb60_0, 0, 1;
    %pushi/vec4 1, 0, 1;
    %store/vec4 v0x5fefb884bc30_0, 0, 1;
    %delay 5, 0;
    %pushi/vec4 1, 0, 1;
    %store/vec4 v0x5fefb884bb60_0, 0, 1;
    %pushi/vec4 0, 0, 1;
    %store/vec4 v0x5fefb884bc30_0, 0, 1;
    %delay 5, 0;
    %pushi/vec4 1, 0, 1;
    %store/vec4 v0x5fefb884bb60_0, 0, 1;
    %pushi/vec4 1, 0, 1;
    %store/vec4 v0x5fefb884bc30_0, 0, 1;
    %delay 5, 0;
    %vpi_call 2 14 "$finish" {0 0 0};
    %end;
    .thread T_0;
# The file index is used to find the file name in the following table.
:file_names 4;
    "N/A";
    "<interactive>";
    "tb_xnor_gate.v";
    "xnor_gate.v";
