#! /usr/bin/vvp
:ivl_version "12.0 (stable)";
:ivl_delay_selection "TYPICAL";
:vpi_time_precision + 0;
:vpi_module "/usr/lib/x86_64-linux-gnu/ivl/system.vpi";
:vpi_module "/usr/lib/x86_64-linux-gnu/ivl/vhdl_sys.vpi";
:vpi_module "/usr/lib/x86_64-linux-gnu/ivl/vhdl_textio.vpi";
:vpi_module "/usr/lib/x86_64-linux-gnu/ivl/v2005_math.vpi";
:vpi_module "/usr/lib/x86_64-linux-gnu/ivl/va_math.vpi";
S_0x5e33ada8faa0 .scope module, "tb_not_gate" "tb_not_gate" 2 1;
 .timescale 0 0;
v0x5e33adab41b0_0 .var "a", 0 0;
v0x5e33adab4270_0 .net "y", 0 0, L_0x5e33adab4360;  1 drivers
S_0x5e33adaa3200 .scope module, "dut" "not_gate" 2 5, 3 1 0, S_0x5e33ada8faa0;
 .timescale 0 0;
    .port_info 0 /INPUT 1 "a";
    .port_info 1 /OUTPUT 1 "y";
o0x76c637aea048 .functor BUFZ 1, C4<z>; HiZ drive
L_0x5e33adab4360 .functor NOT 1, o0x76c637aea048, C4<0>, C4<0>, C4<0>;
L_0x5e33adab4420 .functor NOT 1, o0x76c637aea048, C4<0>, C4<0>, C4<0>;
RS_0x76c637aea018 .resolv tri, L_0x5e33adab4420, v0x5e33adab41b0_0;
v0x5e33adaa33e0_0 .net8 "a", 0 0, RS_0x76c637aea018;  2 drivers
v0x5e33adab3ff0_0 .net "b", 0 0, o0x76c637aea048;  0 drivers
v0x5e33adab40b0_0 .net "y", 0 0, L_0x5e33adab4360;  alias, 1 drivers
    .scope S_0x5e33ada8faa0;
T_0 ;
    %vpi_call 2 8 "$dumpfile", "not_wave.vcd" {0 0 0};
    %vpi_call 2 9 "$dumpvars", 32'sb00000000000000000000000000000000, S_0x5e33ada8faa0 {0 0 0};
    %vpi_call 2 10 "$monitor", "Time=%0t | a=%b | y=%b", $time, v0x5e33adab41b0_0, v0x5e33adab4270_0 {0 0 0};
    %pushi/vec4 0, 0, 1;
    %store/vec4 v0x5e33adab41b0_0, 0, 1;
    %delay 5, 0;
    %pushi/vec4 1, 0, 1;
    %store/vec4 v0x5e33adab41b0_0, 0, 1;
    %delay 5, 0;
    %vpi_call 2 13 "$finish" {0 0 0};
    %end;
    .thread T_0;
# The file index is used to find the file name in the following table.
:file_names 4;
    "N/A";
    "<interactive>";
    "tb_not_gate.v";
    "not_gate.v";
