#! /usr/bin/vvp
:ivl_version "12.0 (stable)";
:ivl_delay_selection "TYPICAL";
:vpi_time_precision + 0;
:vpi_module "/usr/lib/x86_64-linux-gnu/ivl/system.vpi";
:vpi_module "/usr/lib/x86_64-linux-gnu/ivl/vhdl_sys.vpi";
:vpi_module "/usr/lib/x86_64-linux-gnu/ivl/vhdl_textio.vpi";
:vpi_module "/usr/lib/x86_64-linux-gnu/ivl/v2005_math.vpi";
:vpi_module "/usr/lib/x86_64-linux-gnu/ivl/va_math.vpi";
S_0x5833a0b527c0 .scope module, "tb_and_gate" "tb_and_gate" 2 1;
 .timescale 0 0;
v0x5833a0b79ea0_0 .var "a", 0 0;
v0x5833a0b79f40_0 .var "b", 0 0;
RS_0x788e9e36d108 .resolv tri, L_0x5833a0b7a690, L_0x5833a0b7a750;
v0x5833a0b7a010_0 .net8 "x", 0 0, RS_0x788e9e36d108;  2 drivers, strength-aware
S_0x5833a0b66920 .scope module, "dut" "and_gate" 2 5, 3 1 0, S_0x5833a0b527c0;
 .timescale 0 0;
    .port_info 0 /INPUT 1 "a";
    .port_info 1 /INPUT 1 "b";
    .port_info 2 /OUTPUT 1 "x";
L_0x5833a0b7a1b0 .functor BUFT 1, C8<771>, C4<0>, C4<0>, C4<0>;
L_0x5833a0b7a250 .functor PMOS 1, L_0x5833a0b7a1b0, v0x5833a0b79ea0_0, C4<0>, C4<0>;
L_0x5833a0b7a390 .functor PMOS 1, L_0x5833a0b7a1b0, v0x5833a0b79f40_0, C4<0>, C4<0>;
L_0x5833a0b7a4d0 .functor NMOS 1, L_0x5833a0b7a540, v0x5833a0b79ea0_0, C4<0>, C4<0>;
L_0x5833a0b7a110 .functor BUFT 1, C8<770>, C4<0>, C4<0>, C4<0>;
L_0x5833a0b7a540 .functor NMOS 1, L_0x5833a0b7a110, v0x5833a0b79f40_0, C4<0>, C4<0>;
RS_0x788e9e36d138 .resolv tri, L_0x5833a0b7a250, L_0x5833a0b7a390, L_0x5833a0b7a4d0;
L_0x5833a0b7a690 .functor PMOS 1, L_0x5833a0b7a1b0, RS_0x788e9e36d138, C4<0>, C4<0>;
L_0x5833a0b7a750 .functor NMOS 1, L_0x5833a0b7a110, RS_0x788e9e36d138, C4<0>, C4<0>;
v0x5833a0b670e0_0 .net "a", 0 0, v0x5833a0b79ea0_0;  1 drivers
v0x5833a0b79970_0 .net "b", 0 0, v0x5833a0b79f40_0;  1 drivers
v0x5833a0b79a30_0 .net8 "gnd", 0 0, L_0x5833a0b7a110;  1 drivers, strength-aware
v0x5833a0b79ad0_0 .net8 "vdd", 0 0, L_0x5833a0b7a1b0;  1 drivers, strength-aware
v0x5833a0b79b90_0 .net8 "w", 0 0, L_0x5833a0b7a540;  1 drivers, strength-aware
v0x5833a0b79ca0_0 .net8 "x", 0 0, RS_0x788e9e36d108;  alias, 2 drivers, strength-aware
v0x5833a0b79d60_0 .net8 "y", 0 0, RS_0x788e9e36d138;  3 drivers, strength-aware
    .scope S_0x5833a0b527c0;
T_0 ;
    %vpi_call 2 7 "$dumpfile", "and_gate.vcd" {0 0 0};
    %vpi_call 2 8 "$dumpvars", 32'sb00000000000000000000000000000000, S_0x5833a0b527c0 {0 0 0};
    %vpi_call 2 9 "$monitor", "Time=%0t | a=%b | b=%b | x=%b ", $time, v0x5833a0b79ea0_0, v0x5833a0b79f40_0, v0x5833a0b7a010_0 {0 0 0};
    %pushi/vec4 0, 0, 1;
    %store/vec4 v0x5833a0b79ea0_0, 0, 1;
    %pushi/vec4 0, 0, 1;
    %store/vec4 v0x5833a0b79f40_0, 0, 1;
    %delay 5, 0;
    %pushi/vec4 0, 0, 1;
    %store/vec4 v0x5833a0b79ea0_0, 0, 1;
    %pushi/vec4 1, 0, 1;
    %store/vec4 v0x5833a0b79f40_0, 0, 1;
    %delay 5, 0;
    %pushi/vec4 1, 0, 1;
    %store/vec4 v0x5833a0b79ea0_0, 0, 1;
    %pushi/vec4 0, 0, 1;
    %store/vec4 v0x5833a0b79f40_0, 0, 1;
    %delay 5, 0;
    %pushi/vec4 1, 0, 1;
    %store/vec4 v0x5833a0b79ea0_0, 0, 1;
    %pushi/vec4 1, 0, 1;
    %store/vec4 v0x5833a0b79f40_0, 0, 1;
    %delay 5, 0;
    %vpi_call 2 14 "$finish" {0 0 0};
    %end;
    .thread T_0;
# The file index is used to find the file name in the following table.
:file_names 4;
    "N/A";
    "<interactive>";
    "tb_and_gate.v";
    "and_gate.v";
