#! /usr/bin/vvp
:ivl_version "12.0 (stable)";
:ivl_delay_selection "TYPICAL";
:vpi_time_precision + 0;
:vpi_module "/usr/lib/x86_64-linux-gnu/ivl/system.vpi";
:vpi_module "/usr/lib/x86_64-linux-gnu/ivl/vhdl_sys.vpi";
:vpi_module "/usr/lib/x86_64-linux-gnu/ivl/vhdl_textio.vpi";
:vpi_module "/usr/lib/x86_64-linux-gnu/ivl/v2005_math.vpi";
:vpi_module "/usr/lib/x86_64-linux-gnu/ivl/va_math.vpi";
S_0x578f0d4302c0 .scope module, "tb_nor_gate" "tb_nor_gate" 2 1;
 .timescale 0 0;
v0x578f0d4428e0_0 .var "a", 0 0;
v0x578f0d4429b0_0 .var "b", 0 0;
v0x578f0d442a80_0 .net "y", 0 0, L_0x578f0d442b80;  1 drivers
S_0x578f0d430450 .scope module, "dut" "nor_gate" 2 5, 3 1 0, S_0x578f0d4302c0;
 .timescale 0 0;
    .port_info 0 /INPUT 1 "a";
    .port_info 1 /INPUT 1 "b";
    .port_info 2 /OUTPUT 1 "y";
L_0x578f0d442b80 .functor NOR 1, v0x578f0d4428e0_0, v0x578f0d4429b0_0, C4<0>, C4<0>;
v0x578f0d430680_0 .net "a", 0 0, v0x578f0d4428e0_0;  1 drivers
v0x578f0d442700_0 .net "b", 0 0, v0x578f0d4429b0_0;  1 drivers
v0x578f0d4427c0_0 .net "y", 0 0, L_0x578f0d442b80;  alias, 1 drivers
    .scope S_0x578f0d4302c0;
T_0 ;
    %vpi_call 2 7 "$dumpfile", "nor_gate" {0 0 0};
    %vpi_call 2 8 "$dumpvars", 32'sb00000000000000000000000000000000, S_0x578f0d4302c0 {0 0 0};
    %vpi_call 2 9 "$monitor", "Time=%0t| a=%b | b=%b | y=%b", $time, v0x578f0d4428e0_0, v0x578f0d4429b0_0, v0x578f0d442a80_0 {0 0 0};
    %pushi/vec4 0, 0, 1;
    %store/vec4 v0x578f0d4428e0_0, 0, 1;
    %pushi/vec4 0, 0, 1;
    %store/vec4 v0x578f0d4429b0_0, 0, 1;
    %delay 5, 0;
    %pushi/vec4 0, 0, 1;
    %store/vec4 v0x578f0d4428e0_0, 0, 1;
    %pushi/vec4 1, 0, 1;
    %store/vec4 v0x578f0d4429b0_0, 0, 1;
    %delay 5, 0;
    %pushi/vec4 1, 0, 1;
    %store/vec4 v0x578f0d4428e0_0, 0, 1;
    %pushi/vec4 0, 0, 1;
    %store/vec4 v0x578f0d4429b0_0, 0, 1;
    %delay 5, 0;
    %pushi/vec4 1, 0, 1;
    %store/vec4 v0x578f0d4428e0_0, 0, 1;
    %pushi/vec4 1, 0, 1;
    %store/vec4 v0x578f0d4429b0_0, 0, 1;
    %delay 5, 0;
    %vpi_call 2 15 "$finish" {0 0 0};
    %end;
    .thread T_0;
# The file index is used to find the file name in the following table.
:file_names 4;
    "N/A";
    "<interactive>";
    "tb_nor_gate.v";
    "nor_gate.v";
